<?xml version="1.0" encoding="UTF-8"?>
<!-- Generated by org.testng.reporters.JUnitReportReporter -->
<testsuite hostname="DESKTOP-4F545DN" failures="0" tests="3" name="com.E_POC2.TestCases.PowerBIDashBoardTest" time="152.580" errors="0" timestamp="2023-06-15T18:03:05 IST" skipped="0">
  <testcase classname="com.E_POC2.TestCases.PowerBIDashBoardTest" name="monthPerformance" time="56.982"/>
  <system-out/>
  <testcase classname="com.E_POC2.TestCases.PowerBIDashBoardTest" name="loginAndDropDownSelection" time="42.179"/>
  <system-out/>
  <testcase classname="com.E_POC2.TestCases.PowerBIDashBoardTest" name="lowAttendancePerformance" time="53.419"/>
  <system-out/>
</testsuite> <!-- com.E_POC2.TestCases.PowerBIDashBoardTest -->
